{
  "stats": {
    "suites": 1,
    "tests": 7,
    "passes": 7,
    "pending": 0,
    "failures": 0,
    "start": "2024-05-30T00:45:24.319Z",
    "end": "2024-05-30T00:45:42.370Z",
    "duration": 18051,
    "testsRegistered": 7,
    "passPercent": 100,
    "pendingPercent": 0,
    "other": 0,
    "hasOther": false,
    "skipped": 0,
    "hasSkipped": false
  },
  "results": [
    {
      "uuid": "300114a3-e2dc-40e1-9afd-f9e0db80c3d3",
      "title": "",
      "fullFile": "cypress\\e2e\\integration\\02-locators.cy.js",
      "file": "cypress\\e2e\\integration\\02-locators.cy.js",
      "beforeHooks": [],
      "afterHooks": [],
      "tests": [],
      "suites": [
        {
          "uuid": "e1683a47-bdec-49c8-979e-f1a0acbce6ca",
          "title": "CSS Locators",
          "fullFile": "",
          "file": "",
          "beforeHooks": [],
          "afterHooks": [],
          "tests": [
            {
              "title": "Understanding CSS Syntax - Locating using Tags",
              "fullTitle": "CSS Locators Understanding CSS Syntax - Locating using Tags",
              "timedOut": null,
              "duration": 3150,
              "state": "passed",
              "speed": "fast",
              "pass": true,
              "fail": false,
              "pending": false,
              "context": "{\n  \"title\": \"cypress-mochawesome-reporter-videos-passed\",\n  \"value\": \"cypress\\\\e2e\\\\integration\\\\02-locators.cy.js\"\n}",
              "code": "cy.visit(\"https://www.techglobal-training.com/frontend/html-elements\");\ncy.get(\"button\");\ncy.get(\"h3\");\ncy.get(\"li\");\ncy.get(\"input\");",
              "err": {},
              "uuid": "d26fbe8d-0c23-4015-8201-7b1f853c06ac",
              "parentUUID": "e1683a47-bdec-49c8-979e-f1a0acbce6ca",
              "isHook": false,
              "skipped": false
            },
            {
              "title": "Understanding CSS Syntax - Locating class and ID",
              "fullTitle": "CSS Locators Understanding CSS Syntax - Locating class and ID",
              "timedOut": null,
              "duration": 2123,
              "state": "passed",
              "speed": "fast",
              "pass": true,
              "fail": false,
              "pending": false,
              "context": "{\n  \"title\": \"cypress-mochawesome-reporter-videos-passed\",\n  \"value\": \"cypress\\\\e2e\\\\integration\\\\02-locators.cy.js\"\n}",
              "code": "cy.visit(\"https://www.techglobal-training.com/frontend/html-elements\");\ncy.get(\"#checkbox-button-group\");\ncy.get(\".checkbox\");",
              "err": {},
              "uuid": "13190053-db91-496b-9e3f-89c377bc8ba4",
              "parentUUID": "e1683a47-bdec-49c8-979e-f1a0acbce6ca",
              "isHook": false,
              "skipped": false
            },
            {
              "title": "Understanding CSS Syntax - Locating web elements with multiple attributes",
              "fullTitle": "CSS Locators Understanding CSS Syntax - Locating web elements with multiple attributes",
              "timedOut": null,
              "duration": 1991,
              "state": "passed",
              "speed": "fast",
              "pass": true,
              "fail": false,
              "pending": false,
              "context": "{\n  \"title\": \"cypress-mochawesome-reporter-videos-passed\",\n  \"value\": \"cypress\\\\e2e\\\\integration\\\\02-locators.cy.js\"\n}",
              "code": "cy.visit(\"https://www.techglobal-training.com/frontend/html-elements\");\ncy.get(\"div#dropdown-container.undefined.dropdown.is-hoverable\");\ncy.get(\"button.is-inline.undefined\");",
              "err": {},
              "uuid": "9b7fc960-e76d-4d50-888f-6c69dbb8cae6",
              "parentUUID": "e1683a47-bdec-49c8-979e-f1a0acbce6ca",
              "isHook": false,
              "skipped": false
            },
            {
              "title": "Understanding CSS Syntax - Locating child, descendant, adjacent web element",
              "fullTitle": "CSS Locators Understanding CSS Syntax - Locating child, descendant, adjacent web element",
              "timedOut": null,
              "duration": 2803,
              "state": "passed",
              "speed": "fast",
              "pass": true,
              "fail": false,
              "pending": false,
              "context": "{\n  \"title\": \"cypress-mochawesome-reporter-videos-passed\",\n  \"value\": \"cypress\\\\e2e\\\\integration\\\\02-locators.cy.js\"\n}",
              "code": "cy.visit(\"https://www.techglobal-training.com/frontend/html-elements\");\n/**\n * Child Selector ( > ) *\n *\n * Description: Targets direct children of a specified parent element.\n */\ncy.get(\"div > #hello_paragraph\");\ncy.get(\"div > #unordered_list > li\");\ncy.get(\"#radio-button-group > h3\");\n/**\n * Descendant Selector ( space ) *\n *\n * Description: Targets elements nested anywhere within a specific parent.\n */\ncy.get(\"#checkbox-button-group #microsoft_check\");\ncy.get(\"#root #ordered_list_item1\");\ncy.get(\"#radio-button-group input\");\n// Locates the immediate sibling of #unordered_list_item1\ncy.get(\"#unordered_list > #unordered_list_item1 + li\");\n// Locates all sibling of #unordered_list_item1\ncy.get(\"#unordered_list > #unordered_list_item1 ~ li\");\n/**\n * Grouping Selectors ( , ) *\n * \n * Description: Combines multiple selectors into one rule set, \n * allowing you to style different elements with the same set of styles.\n */",
              "err": {},
              "uuid": "f09c490f-4d08-4f52-94c3-4feb9b461c7d",
              "parentUUID": "e1683a47-bdec-49c8-979e-f1a0acbce6ca",
              "isHook": false,
              "skipped": false
            },
            {
              "title": "Locating the element using Attribute Selectors",
              "fullTitle": "CSS Locators Locating the element using Attribute Selectors",
              "timedOut": null,
              "duration": 2156,
              "state": "passed",
              "speed": "fast",
              "pass": true,
              "fail": false,
              "pending": false,
              "context": "{\n  \"title\": \"cypress-mochawesome-reporter-videos-passed\",\n  \"value\": \"cypress\\\\e2e\\\\integration\\\\02-locators.cy.js\"\n}",
              "code": "// These are proper way to locate the class and id\n// cy.get(\"#checkbox-button-group\");\n// cy.get(\".checkbox\");\ncy.visit(\"https://www.techglobal-training.com/frontend/html-elements\");\ncy.get('[id=\"checkbox-button-group\"]');\ncy.get('[class=\"checkbox\"]');\ncy.get('[data-identifier=\"Headings\"]');\ncy.get('[value=\"Apple\"]');\ncy.get('#company_dropdown1 > option[value=\"Apple\"]');",
              "err": {},
              "uuid": "3a5c84e8-72f5-4943-bee7-32d8868a7150",
              "parentUUID": "e1683a47-bdec-49c8-979e-f1a0acbce6ca",
              "isHook": false,
              "skipped": false
            },
            {
              "title": "Test Case",
              "fullTitle": "CSS Locators Test Case",
              "timedOut": null,
              "duration": 2405,
              "state": "passed",
              "speed": "fast",
              "pass": true,
              "fail": false,
              "pending": false,
              "context": "{\n  \"title\": \"cypress-mochawesome-reporter-videos-passed\",\n  \"value\": \"cypress\\\\e2e\\\\integration\\\\02-locators.cy.js\"\n}",
              "code": "/**\n * contains     => [class*=\"className\"]\n * starts-with  => [class^=\"className\"]\n * ends-with    => [class$=\"className\"]\n */\n// cy.get('https://techglobal-training.com/frontend/dynamic-elements')\ncy.visit('https://techglobal-training.com/frontend/dynamic-elements');\ncy.get('[id^=\"box_1_\"]').should('be.visible');\ncy.get('[id^=\"box_2_\"]').should('be.visible');\ncy.get('[id^=\"box_\"]').each($el => {\n  expect($el).to.be.visible;\n});",
              "err": {},
              "uuid": "4bcafa99-2643-44f7-a7c2-b57351b34dd3",
              "parentUUID": "e1683a47-bdec-49c8-979e-f1a0acbce6ca",
              "isHook": false,
              "skipped": false
            },
            {
              "title": "Pseudo Classes",
              "fullTitle": "CSS Locators Pseudo Classes",
              "timedOut": null,
              "duration": 2472,
              "state": "passed",
              "speed": "fast",
              "pass": true,
              "fail": false,
              "pending": false,
              "context": "{\n  \"title\": \"cypress-mochawesome-reporter-videos-passed\",\n  \"value\": \"cypress\\\\e2e\\\\integration\\\\02-locators.cy.js\"\n}",
              "code": "cy.visit(\"https://www.techglobal-training.com/frontend/html-elements\");\ncy.get('#ordered_list li:first-child');\ncy.get('#ordered_list li:last-child');\ncy.get('#ordered_list li:nth-child(1)');\ncy.get('#checkbox-button-group input:not(#checkbox_2)');\ncy.get('#microsoft_check input').check();\ncy.get('input:checked');\ncy.get('input:not(:checked)');",
              "err": {},
              "uuid": "0469563d-757b-4bc7-b122-b04feb9584c4",
              "parentUUID": "e1683a47-bdec-49c8-979e-f1a0acbce6ca",
              "isHook": false,
              "skipped": false
            }
          ],
          "suites": [],
          "passes": [
            "d26fbe8d-0c23-4015-8201-7b1f853c06ac",
            "13190053-db91-496b-9e3f-89c377bc8ba4",
            "9b7fc960-e76d-4d50-888f-6c69dbb8cae6",
            "f09c490f-4d08-4f52-94c3-4feb9b461c7d",
            "3a5c84e8-72f5-4943-bee7-32d8868a7150",
            "4bcafa99-2643-44f7-a7c2-b57351b34dd3",
            "0469563d-757b-4bc7-b122-b04feb9584c4"
          ],
          "failures": [],
          "pending": [],
          "skipped": [],
          "duration": 17100,
          "root": false,
          "rootEmpty": false,
          "_timeout": 2000
        }
      ],
      "passes": [],
      "failures": [],
      "pending": [],
      "skipped": [],
      "duration": 0,
      "root": true,
      "rootEmpty": true,
      "_timeout": 2000
    }
  ],
  "meta": {
    "mocha": {
      "version": "7.0.1"
    },
    "mochawesome": {
      "options": {
        "quiet": false,
        "reportFilename": "mochawesome",
        "saveHtml": false,
        "saveJson": true,
        "consoleReporter": "spec",
        "useInlineDiffs": false,
        "code": true
      },
      "version": "7.1.3"
    },
    "marge": {
      "options": {
        "charts": true,
        "reportPageTitle": "custom-title",
        "embeddedScreenshots": true,
        "inlineAssets": true,
        "saveAllAttempts": false,
        "overwrite": false,
        "html": false,
        "json": true,
        "reportDir": "cypress\\reports\\html\\.jsons"
      },
      "version": "6.2.0"
    }
  }
}