{
  "stats": {
    "suites": 1,
    "tests": 2,
    "passes": 2,
    "pending": 0,
    "failures": 0,
    "start": "2024-05-30T00:46:27.179Z",
    "end": "2024-05-30T00:46:37.321Z",
    "duration": 10142,
    "testsRegistered": 2,
    "passPercent": 100,
    "pendingPercent": 0,
    "other": 0,
    "hasOther": false,
    "skipped": 0,
    "hasSkipped": false
  },
  "results": [
    {
      "uuid": "e218cebf-1e1e-4227-9586-487c44397fbc",
      "title": "",
      "fullFile": "cypress\\e2e\\integration\\06-iFrame.cy.js",
      "file": "cypress\\e2e\\integration\\06-iFrame.cy.js",
      "beforeHooks": [],
      "afterHooks": [],
      "tests": [],
      "suites": [
        {
          "uuid": "0630ed0c-4c6c-43fb-bf7f-ea1e7e76cff6",
          "title": "Handling iFrames",
          "fullFile": "",
          "file": "",
          "beforeHooks": [],
          "afterHooks": [],
          "tests": [
            {
              "title": "iFrame",
              "fullTitle": "Handling iFrames iFrame",
              "timedOut": null,
              "duration": 6182,
              "state": "passed",
              "speed": "medium",
              "pass": true,
              "fail": false,
              "pending": false,
              "context": "{\n  \"title\": \"cypress-mochawesome-reporter-videos-passed\",\n  \"value\": \"cypress\\\\e2e\\\\integration\\\\06-iFrame.cy.js\"\n}",
              "code": "// cy.get('#form_frame')\n// .its('0.contentDocument.body')\n// .should('not.be.empty')\n// .find('#first_name').type('MyName')\nconst arr = [\"tech\", \"global\"];\ncy.get(\"#form_frame\").its(\"0.contentDocument.body\").find(\"#first_name, #last_name\").each(($el, index) => {\n  cy.wrap($el).type(arr[index]);\n});",
              "err": {},
              "uuid": "bfd0e2a1-c168-4329-a7de-0d796c24a0e7",
              "parentUUID": "0630ed0c-4c6c-43fb-bf7f-ea1e7e76cff6",
              "isHook": false,
              "skipped": false
            },
            {
              "title": "iFrame Test Case",
              "fullTitle": "Handling iFrames iFrame Test Case",
              "timedOut": null,
              "duration": 3640,
              "state": "passed",
              "speed": "fast",
              "pass": true,
              "fail": false,
              "pending": false,
              "context": "{\n  \"title\": \"cypress-mochawesome-reporter-videos-passed\",\n  \"value\": \"cypress\\\\e2e\\\\integration\\\\06-iFrame.cy.js\"\n}",
              "code": "const arr = [\"John\", \"Doe\"];\ncy.get(\"#form_frame\").its(\"0.contentDocument.body\").find(\"#first_name, #last_name\").each(($el, index) => {\n  cy.wrap($el).type(arr[index]);\n});\ncy.get(\"#form_frame\").its(\"0.contentDocument.body\").find('#submit').click();\ncy.get('#result').should('have.text', `You entered: ${arr.join(' ')}`);",
              "err": {},
              "uuid": "a16af8ab-8491-455d-8ab0-0559ecff9a0d",
              "parentUUID": "0630ed0c-4c6c-43fb-bf7f-ea1e7e76cff6",
              "isHook": false,
              "skipped": false
            }
          ],
          "suites": [],
          "passes": [
            "bfd0e2a1-c168-4329-a7de-0d796c24a0e7",
            "a16af8ab-8491-455d-8ab0-0559ecff9a0d"
          ],
          "failures": [],
          "pending": [],
          "skipped": [],
          "duration": 9822,
          "root": false,
          "rootEmpty": false,
          "_timeout": 2000
        }
      ],
      "passes": [],
      "failures": [],
      "pending": [],
      "skipped": [],
      "duration": 0,
      "root": true,
      "rootEmpty": true,
      "_timeout": 2000
    }
  ],
  "meta": {
    "mocha": {
      "version": "7.0.1"
    },
    "mochawesome": {
      "options": {
        "quiet": false,
        "reportFilename": "mochawesome",
        "saveHtml": false,
        "saveJson": true,
        "consoleReporter": "spec",
        "useInlineDiffs": false,
        "code": true
      },
      "version": "7.1.3"
    },
    "marge": {
      "options": {
        "charts": true,
        "reportPageTitle": "custom-title",
        "embeddedScreenshots": true,
        "inlineAssets": true,
        "saveAllAttempts": false,
        "overwrite": false,
        "html": false,
        "json": true,
        "reportDir": "cypress\\reports\\html\\.jsons"
      },
      "version": "6.2.0"
    }
  }
}