{
  "stats": {
    "suites": 1,
    "tests": 1,
    "passes": 1,
    "pending": 0,
    "failures": 0,
    "start": "2024-05-30T00:46:01.957Z",
    "end": "2024-05-30T00:46:08.150Z",
    "duration": 6193,
    "testsRegistered": 1,
    "passPercent": 100,
    "pendingPercent": 0,
    "other": 0,
    "hasOther": false,
    "skipped": 0,
    "hasSkipped": false
  },
  "results": [
    {
      "uuid": "a3f96104-dfb1-4e0c-afee-64a144dd06bf",
      "title": "",
      "fullFile": "cypress\\e2e\\integration\\04-basicCommands.cy.js",
      "file": "cypress\\e2e\\integration\\04-basicCommands.cy.js",
      "beforeHooks": [],
      "afterHooks": [],
      "tests": [],
      "suites": [
        {
          "uuid": "069ca15b-fbd0-406b-af02-156aa0b6cba9",
          "title": "Cypress Acttions",
          "fullFile": "",
          "file": "",
          "beforeHooks": [],
          "afterHooks": [],
          "tests": [
            {
              "title": "Dropdowns",
              "fullTitle": "Cypress Acttions Dropdowns",
              "timedOut": null,
              "duration": 6095,
              "state": "passed",
              "speed": "medium",
              "pass": true,
              "fail": false,
              "pending": false,
              "context": "{\n  \"title\": \"cypress-mochawesome-reporter-videos-passed\",\n  \"value\": \"cypress\\\\e2e\\\\integration\\\\04-basicCommands.cy.js\"\n}",
              "code": "/**\n * If you want to handle the dropdown that is created using <select> web element\n * you MUST use select() method from the Cypress\n */\ncy.get('#company_dropdown1').select('Microsoft').should('have.value', 'Microsoft');\ncy.get('#company_dropdown2').select(2);\n// Dropdown without <select> tag example\n/**\n * If dropdown is created with regular HTML web elements\n * You have to handle it as you handle regular web components\n */\ncy.visit('https://www.techglobal-training.com/frontend/dropdowns');\ncy.get('#shipment_dropdown').click();\ncy.contains('[role=\"option\"]', 'Pick up').click();",
              "err": {},
              "uuid": "3540f12d-238a-4d29-8983-c5e649a392a9",
              "parentUUID": "069ca15b-fbd0-406b-af02-156aa0b6cba9",
              "isHook": false,
              "skipped": false
            }
          ],
          "suites": [],
          "passes": [
            "3540f12d-238a-4d29-8983-c5e649a392a9"
          ],
          "failures": [],
          "pending": [],
          "skipped": [],
          "duration": 6095,
          "root": false,
          "rootEmpty": false,
          "_timeout": 2000
        }
      ],
      "passes": [],
      "failures": [],
      "pending": [],
      "skipped": [],
      "duration": 0,
      "root": true,
      "rootEmpty": true,
      "_timeout": 2000
    }
  ],
  "meta": {
    "mocha": {
      "version": "7.0.1"
    },
    "mochawesome": {
      "options": {
        "quiet": false,
        "reportFilename": "mochawesome",
        "saveHtml": false,
        "saveJson": true,
        "consoleReporter": "spec",
        "useInlineDiffs": false,
        "code": true
      },
      "version": "7.1.3"
    },
    "marge": {
      "options": {
        "charts": true,
        "reportPageTitle": "custom-title",
        "embeddedScreenshots": true,
        "inlineAssets": true,
        "saveAllAttempts": false,
        "overwrite": false,
        "html": false,
        "json": true,
        "reportDir": "cypress\\reports\\html\\.jsons"
      },
      "version": "6.2.0"
    }
  }
}