{
  "stats": {
    "suites": 1,
    "tests": 1,
    "passes": 1,
    "pending": 0,
    "failures": 0,
    "start": "2024-05-30T00:46:13.474Z",
    "end": "2024-05-30T00:46:21.525Z",
    "duration": 8051,
    "testsRegistered": 1,
    "passPercent": 100,
    "pendingPercent": 0,
    "other": 0,
    "hasOther": false,
    "skipped": 0,
    "hasSkipped": false
  },
  "results": [
    {
      "uuid": "2d1332b2-edc0-489a-b19b-3c7775966e6b",
      "title": "",
      "fullFile": "cypress\\e2e\\integration\\05-assertions.cy.js",
      "file": "cypress\\e2e\\integration\\05-assertions.cy.js",
      "beforeHooks": [],
      "afterHooks": [],
      "tests": [],
      "suites": [
        {
          "uuid": "a0611258-5728-459d-b35d-418b49611df5",
          "title": "Assertions",
          "fullFile": "",
          "file": "",
          "beforeHooks": [],
          "afterHooks": [],
          "tests": [
            {
              "title": "Assertion Practices",
              "fullTitle": "Assertions Assertion Practices",
              "timedOut": null,
              "duration": 7884,
              "state": "passed",
              "speed": "medium",
              "pass": true,
              "fail": false,
              "pending": false,
              "context": "{\n  \"title\": \"cypress-mochawesome-reporter-videos-passed\",\n  \"value\": \"cypress\\\\e2e\\\\integration\\\\05-assertions.cy.js\"\n}",
              "code": "/**\n * 1. Go to https://techglobal-training.com/frontend\n * 2. Navigate to 'Html Elements' card\n *\n * 3. From the \"Text Inputs\" section\n * 4. Validate text input 1 and text input 2 is enabled\n * 5. Validate text input 1 and text input 2 is not required\n * 6. Enter your name and last name\n */\nconst names = [\"Tech\", \"Global\"];\ncy.get(\"#text_input1, #text_input2\").each(($el, index) => {\n  cy.wrap($el).type(names[index]).should(\"be.enabled\").and(\"not.have.attr\", \"required\");\n});\n/**\n * 1. Go to https://techglobal-training.com/frontend\n * 2. Navigate to 'Html Elements' card\n *\n * 3. From the \"Date Inputs\" section\n * 4. Validate date input 1 and date input 2 is enabled\n * 5. Validate date input 1 and date input 2 is is not required\n * 6. Enter dates for both date input 1 and date input 2\n * 7. Validate value is changed to given dates.\n */\nconst dates = [\"11/11/2000\", \"11/11/2002\"];\ncy.get(\"#date_input1, #date_input2\").each(($el, index) => {\n  cy.wrap($el).clear().type(`${dates[index]}{enter}`) // type(dates[index] +'{enter}')\n  .should(\"have.value\", dates[index]).and(\"be.enabled\").and(\"not.have.attr\", \"required\");\n});\n/**\n * 1. Go to https://techglobal-training.com/frontend\n * 2. Navigate to 'Html Elements' card\n *\n * 3. From the \"Dropdowns\" section\n * 4. Validate dropdown 1 and dropdown 2 is enabled\n * 6. Enter Microsoft for dropdown 1 and Apple for dropdown 2\n * 7. Validate options are selected\n */\nconst dropdowns = [\"Microsoft\", \"Apple\"];\ncy.get(\"#company_dropdown1, #company_dropdown2\").each(($el, index) => {\n  cy.wrap($el).select(dropdowns[index]).should(\"be.enabled\").and(\"have.value\", dropdowns[index]);\n});\ncy.get(\"#company_dropdown1, #company_dropdown2\").each(($el, index) => {\n  cy.wrap($el).select(dropdowns[index]).find(\"option:selected\").should(\"have.text\", dropdowns[index]);\n});",
              "err": {},
              "uuid": "fd7c652d-5a66-4348-9bb5-2124aac889bc",
              "parentUUID": "a0611258-5728-459d-b35d-418b49611df5",
              "isHook": false,
              "skipped": false
            }
          ],
          "suites": [],
          "passes": [
            "fd7c652d-5a66-4348-9bb5-2124aac889bc"
          ],
          "failures": [],
          "pending": [],
          "skipped": [],
          "duration": 7884,
          "root": false,
          "rootEmpty": false,
          "_timeout": 2000
        }
      ],
      "passes": [],
      "failures": [],
      "pending": [],
      "skipped": [],
      "duration": 0,
      "root": true,
      "rootEmpty": true,
      "_timeout": 2000
    }
  ],
  "meta": {
    "mocha": {
      "version": "7.0.1"
    },
    "mochawesome": {
      "options": {
        "quiet": false,
        "reportFilename": "mochawesome",
        "saveHtml": false,
        "saveJson": true,
        "consoleReporter": "spec",
        "useInlineDiffs": false,
        "code": true
      },
      "version": "7.1.3"
    },
    "marge": {
      "options": {
        "charts": true,
        "reportPageTitle": "custom-title",
        "embeddedScreenshots": true,
        "inlineAssets": true,
        "saveAllAttempts": false,
        "overwrite": false,
        "html": false,
        "json": true,
        "reportDir": "cypress\\reports\\html\\.jsons"
      },
      "version": "6.2.0"
    }
  }
}