{
  "stats": {
    "suites": 1,
    "tests": 2,
    "passes": 2,
    "pending": 0,
    "failures": 0,
    "start": "2024-05-30T00:49:22.556Z",
    "end": "2024-05-30T00:49:25.695Z",
    "duration": 3139,
    "testsRegistered": 2,
    "passPercent": 100,
    "pendingPercent": 0,
    "other": 0,
    "hasOther": false,
    "skipped": 0,
    "hasSkipped": false
  },
  "results": [
    {
      "uuid": "63ab8a6c-7f46-4304-bfd0-89b33bc1be7d",
      "title": "",
      "fullFile": "cypress\\e2e\\integration\\17-grep.cy.js",
      "file": "cypress\\e2e\\integration\\17-grep.cy.js",
      "beforeHooks": [],
      "afterHooks": [],
      "tests": [],
      "suites": [
        {
          "uuid": "4aebd298-7daa-4264-9e28-9a74af480072",
          "title": "Grep",
          "fullFile": "",
          "file": "",
          "beforeHooks": [],
          "afterHooks": [],
          "tests": [
            {
              "title": "works as a string",
              "fullTitle": "Grep works as a string",
              "timedOut": null,
              "duration": 1531,
              "state": "passed",
              "speed": "fast",
              "pass": true,
              "fail": false,
              "pending": false,
              "context": "{\n  \"title\": \"cypress-mochawesome-reporter-videos-passed\",\n  \"value\": \"cypress\\\\e2e\\\\integration\\\\17-grep.cy.js\"\n}",
              "code": "expect(true).to.be.true;",
              "err": {},
              "uuid": "fd0ecbc8-0cf2-46cc-b66f-a7f04d1e91de",
              "parentUUID": "4aebd298-7daa-4264-9e28-9a74af480072",
              "isHook": false,
              "skipped": false
            },
            {
              "title": "works as a string",
              "fullTitle": "Grep works as a string",
              "timedOut": null,
              "duration": 1449,
              "state": "passed",
              "speed": "fast",
              "pass": true,
              "fail": false,
              "pending": false,
              "context": "{\n  \"title\": \"cypress-mochawesome-reporter-videos-passed\",\n  \"value\": \"cypress\\\\e2e\\\\integration\\\\17-grep.cy.js\"\n}",
              "code": "",
              "err": {},
              "uuid": "8ad7c025-6cd4-40c5-9fa4-debe0c05ef3f",
              "parentUUID": "4aebd298-7daa-4264-9e28-9a74af480072",
              "isHook": false,
              "skipped": false
            }
          ],
          "suites": [],
          "passes": [
            "fd0ecbc8-0cf2-46cc-b66f-a7f04d1e91de",
            "8ad7c025-6cd4-40c5-9fa4-debe0c05ef3f"
          ],
          "failures": [],
          "pending": [],
          "skipped": [],
          "duration": 2980,
          "root": false,
          "rootEmpty": false,
          "_timeout": 2000
        }
      ],
      "passes": [],
      "failures": [],
      "pending": [],
      "skipped": [],
      "duration": 0,
      "root": true,
      "rootEmpty": true,
      "_timeout": 2000
    }
  ],
  "meta": {
    "mocha": {
      "version": "7.0.1"
    },
    "mochawesome": {
      "options": {
        "quiet": false,
        "reportFilename": "mochawesome",
        "saveHtml": false,
        "saveJson": true,
        "consoleReporter": "spec",
        "useInlineDiffs": false,
        "code": true
      },
      "version": "7.1.3"
    },
    "marge": {
      "options": {
        "charts": true,
        "reportPageTitle": "custom-title",
        "embeddedScreenshots": true,
        "inlineAssets": true,
        "saveAllAttempts": false,
        "overwrite": false,
        "html": false,
        "json": true,
        "reportDir": "cypress\\reports\\html\\.jsons"
      },
      "version": "6.2.0"
    }
  }
}