{
  "stats": {
    "suites": 1,
    "tests": 2,
    "passes": 2,
    "pending": 0,
    "failures": 0,
    "start": "2024-05-30T00:49:07.852Z",
    "end": "2024-05-30T00:49:12.360Z",
    "duration": 4508,
    "testsRegistered": 2,
    "passPercent": 100,
    "pendingPercent": 0,
    "other": 0,
    "hasOther": false,
    "skipped": 0,
    "hasSkipped": false
  },
  "results": [
    {
      "uuid": "c3a9518e-be5a-48bd-90f4-743876ad3153",
      "title": "",
      "fullFile": "cypress\\e2e\\integration\\15-Hooks.cy.js",
      "file": "cypress\\e2e\\integration\\15-Hooks.cy.js",
      "beforeHooks": [],
      "afterHooks": [],
      "tests": [],
      "suites": [
        {
          "uuid": "73698d01-e0f9-47d4-b766-34f7336b69c0",
          "title": "Hooks",
          "fullFile": "",
          "file": "",
          "beforeHooks": [],
          "afterHooks": [],
          "tests": [
            {
              "title": "Example Test 1",
              "fullTitle": "Hooks Example Test 1",
              "timedOut": null,
              "duration": 2637,
              "state": "passed",
              "speed": "fast",
              "pass": true,
              "fail": false,
              "pending": false,
              "context": "{\n  \"title\": \"cypress-mochawesome-reporter-videos-passed\",\n  \"value\": \"cypress\\\\e2e\\\\integration\\\\15-Hooks.cy.js\"\n}",
              "code": "cy.log('This is test 1');",
              "err": {},
              "uuid": "7243d6f7-ddb8-446c-838b-1135795550be",
              "parentUUID": "73698d01-e0f9-47d4-b766-34f7336b69c0",
              "isHook": false,
              "skipped": false
            },
            {
              "title": "Example Test 2",
              "fullTitle": "Hooks Example Test 2",
              "timedOut": null,
              "duration": 1614,
              "state": "passed",
              "speed": "fast",
              "pass": true,
              "fail": false,
              "pending": false,
              "context": "{\n  \"title\": \"cypress-mochawesome-reporter-videos-passed\",\n  \"value\": \"cypress\\\\e2e\\\\integration\\\\15-Hooks.cy.js\"\n}",
              "code": "cy.log('This is test 2');",
              "err": {},
              "uuid": "3809b7a6-c04d-4392-860f-17dbf93cb044",
              "parentUUID": "73698d01-e0f9-47d4-b766-34f7336b69c0",
              "isHook": false,
              "skipped": false
            }
          ],
          "suites": [],
          "passes": [
            "7243d6f7-ddb8-446c-838b-1135795550be",
            "3809b7a6-c04d-4392-860f-17dbf93cb044"
          ],
          "failures": [],
          "pending": [],
          "skipped": [],
          "duration": 4251,
          "root": false,
          "rootEmpty": false,
          "_timeout": 2000
        }
      ],
      "passes": [],
      "failures": [],
      "pending": [],
      "skipped": [],
      "duration": 0,
      "root": true,
      "rootEmpty": true,
      "_timeout": 2000
    }
  ],
  "meta": {
    "mocha": {
      "version": "7.0.1"
    },
    "mochawesome": {
      "options": {
        "quiet": false,
        "reportFilename": "mochawesome",
        "saveHtml": false,
        "saveJson": true,
        "consoleReporter": "spec",
        "useInlineDiffs": false,
        "code": true
      },
      "version": "7.1.3"
    },
    "marge": {
      "options": {
        "charts": true,
        "reportPageTitle": "custom-title",
        "embeddedScreenshots": true,
        "inlineAssets": true,
        "saveAllAttempts": false,
        "overwrite": false,
        "html": false,
        "json": true,
        "reportDir": "cypress\\reports\\html\\.jsons"
      },
      "version": "6.2.0"
    }
  }
}