{
  "stats": {
    "suites": 1,
    "tests": 2,
    "passes": 2,
    "pending": 0,
    "failures": 0,
    "start": "2024-05-30T00:47:50.974Z",
    "end": "2024-05-30T00:47:59.737Z",
    "duration": 8763,
    "testsRegistered": 2,
    "passPercent": 100,
    "pendingPercent": 0,
    "other": 0,
    "hasOther": false,
    "skipped": 0,
    "hasSkipped": false
  },
  "results": [
    {
      "uuid": "14d16496-7913-41d5-b31d-d1417c89f5de",
      "title": "",
      "fullFile": "cypress\\e2e\\integration\\10-DownloadAndUpload.cy.js",
      "file": "cypress\\e2e\\integration\\10-DownloadAndUpload.cy.js",
      "beforeHooks": [],
      "afterHooks": [],
      "tests": [],
      "suites": [
        {
          "uuid": "abe94cb2-84d1-48c7-9248-26199f68e19c",
          "title": "File Download & File Upload",
          "fullFile": "",
          "file": "",
          "beforeHooks": [],
          "afterHooks": [],
          "tests": [
            {
              "title": "File Download",
              "fullTitle": "File Download & File Upload File Download",
              "timedOut": null,
              "duration": 5249,
              "state": "passed",
              "speed": "medium",
              "pass": true,
              "fail": false,
              "pending": false,
              "context": "{\n  \"title\": \"cypress-mochawesome-reporter-videos-passed\",\n  \"value\": \"cypress\\\\e2e\\\\integration\\\\10-DownloadAndUpload.cy.js\"\n}",
              "code": "cy.get(\"#file_download\").click();\nfileName = \"SampleText.txt\";\ncy.readFile(`cypress/downloads/${fileName}`);",
              "err": {},
              "uuid": "11f96aa1-98cc-44ae-a32f-5283e152cb88",
              "parentUUID": "abe94cb2-84d1-48c7-9248-26199f68e19c",
              "isHook": false,
              "skipped": false
            },
            {
              "title": "File Upload",
              "fullTitle": "File Download & File Upload File Upload",
              "timedOut": null,
              "duration": 3225,
              "state": "passed",
              "speed": "fast",
              "pass": true,
              "fail": false,
              "pending": false,
              "context": "{\n  \"title\": \"cypress-mochawesome-reporter-videos-passed\",\n  \"value\": \"cypress\\\\e2e\\\\integration\\\\10-DownloadAndUpload.cy.js\"\n}",
              "code": "cy.get(\"#file_upload\").selectFile(`cypress/downloads/${fileName}`);\n// cy.get('#file_upload').selectFile([`cypress/downloads/${fileName}`, `cypress/downloads/${fileName}2`])\n// cy.get('#file_upload').selectFile(`cypress/downloads/${fileName}`, { action: 'drag-drop'})\ncy.get('#file_submit').realClick(); //.click()\ncy.get('#result').should('have.text', `You uploaded ${fileName}`);",
              "err": {},
              "uuid": "7386b914-144f-4326-8741-0e059c9c5792",
              "parentUUID": "abe94cb2-84d1-48c7-9248-26199f68e19c",
              "isHook": false,
              "skipped": false
            }
          ],
          "suites": [],
          "passes": [
            "11f96aa1-98cc-44ae-a32f-5283e152cb88",
            "7386b914-144f-4326-8741-0e059c9c5792"
          ],
          "failures": [],
          "pending": [],
          "skipped": [],
          "duration": 8474,
          "root": false,
          "rootEmpty": false,
          "_timeout": 2000
        }
      ],
      "passes": [],
      "failures": [],
      "pending": [],
      "skipped": [],
      "duration": 0,
      "root": true,
      "rootEmpty": true,
      "_timeout": 2000
    }
  ],
  "meta": {
    "mocha": {
      "version": "7.0.1"
    },
    "mochawesome": {
      "options": {
        "quiet": false,
        "reportFilename": "mochawesome",
        "saveHtml": false,
        "saveJson": true,
        "consoleReporter": "spec",
        "useInlineDiffs": false,
        "code": true
      },
      "version": "7.1.3"
    },
    "marge": {
      "options": {
        "charts": true,
        "reportPageTitle": "custom-title",
        "embeddedScreenshots": true,
        "inlineAssets": true,
        "saveAllAttempts": false,
        "overwrite": false,
        "html": false,
        "json": true,
        "reportDir": "cypress\\reports\\html\\.jsons"
      },
      "version": "6.2.0"
    }
  }
}