{
  "stats": {
    "suites": 1,
    "tests": 2,
    "passes": 2,
    "pending": 0,
    "failures": 0,
    "start": "2024-05-30T00:48:05.374Z",
    "end": "2024-05-30T00:48:16.162Z",
    "duration": 10788,
    "testsRegistered": 2,
    "passPercent": 100,
    "pendingPercent": 0,
    "other": 0,
    "hasOther": false,
    "skipped": 0,
    "hasSkipped": false
  },
  "results": [
    {
      "uuid": "a3cc8b21-4ce5-41a0-b6f4-523aa6a0916b",
      "title": "",
      "fullFile": "cypress\\e2e\\integration\\11-CustomCommands.cy.js",
      "file": "cypress\\e2e\\integration\\11-CustomCommands.cy.js",
      "beforeHooks": [],
      "afterHooks": [],
      "tests": [],
      "suites": [
        {
          "uuid": "70c297da-c5d6-4359-a766-4525053f03e6",
          "title": "Custom Commands",
          "fullFile": "",
          "file": "",
          "beforeHooks": [],
          "afterHooks": [],
          "tests": [
            {
              "title": "Parent Commands",
              "fullTitle": "Custom Commands Parent Commands",
              "timedOut": null,
              "duration": 6724,
              "state": "passed",
              "speed": "medium",
              "pass": true,
              "fail": false,
              "pending": false,
              "context": "{\n  \"title\": \"cypress-mochawesome-reporter-videos-passed\",\n  \"value\": \"cypress\\\\e2e\\\\integration\\\\11-CustomCommands.cy.js\"\n}",
              "code": "/* Parent Commands */\n// cy.get()\n// cy.url()\n// cy.title()\n// cy.visit()\n// cy.window()\n// cy.on()\ncy.selectDropdownOption('#company_dropdown1', 'Apple');\ncy.login('randomEmail@gmai.com', 'TechGlobal');",
              "err": {},
              "uuid": "caea4955-e365-4211-808e-9b7efe3c8dc1",
              "parentUUID": "70c297da-c5d6-4359-a766-4525053f03e6",
              "isHook": false,
              "skipped": false
            },
            {
              "title": "Child Command",
              "fullTitle": "Custom Commands Child Command",
              "timedOut": null,
              "duration": 3662,
              "state": "passed",
              "speed": "fast",
              "pass": true,
              "fail": false,
              "pending": false,
              "context": "{\n  \"title\": \"cypress-mochawesome-reporter-videos-passed\",\n  \"value\": \"cypress\\\\e2e\\\\integration\\\\11-CustomCommands.cy.js\"\n}",
              "code": "// .should()\n// .find()\n// all the action commands\ncy.get('#main_heading').then($el => {\n  const text = $el.text();\n  cy.log(text);\n});\ncy.get('#main_heading').logText().haveText('Html Elements');\nconsole.log(process.env.UI_URL + 'my env');\ncy.log(process.env.UI_USERNAME);\ncy.log(Cypress.env('SITE_URL'));\ncy.log(Cypress.env('UI_USERNAME'));\ncy.log(Cypress.env('UI_PASSWORD'));\n// expect(true).equal(false)",
              "err": {},
              "uuid": "ebcb92a0-456f-41ae-9b32-d716beb5d046",
              "parentUUID": "70c297da-c5d6-4359-a766-4525053f03e6",
              "isHook": false,
              "skipped": false
            }
          ],
          "suites": [],
          "passes": [
            "caea4955-e365-4211-808e-9b7efe3c8dc1",
            "ebcb92a0-456f-41ae-9b32-d716beb5d046"
          ],
          "failures": [],
          "pending": [],
          "skipped": [],
          "duration": 10386,
          "root": false,
          "rootEmpty": false,
          "_timeout": 2000
        }
      ],
      "passes": [],
      "failures": [],
      "pending": [],
      "skipped": [],
      "duration": 0,
      "root": true,
      "rootEmpty": true,
      "_timeout": 2000
    }
  ],
  "meta": {
    "mocha": {
      "version": "7.0.1"
    },
    "mochawesome": {
      "options": {
        "quiet": false,
        "reportFilename": "mochawesome",
        "saveHtml": false,
        "saveJson": true,
        "consoleReporter": "spec",
        "useInlineDiffs": false,
        "code": true
      },
      "version": "7.1.3"
    },
    "marge": {
      "options": {
        "charts": true,
        "reportPageTitle": "custom-title",
        "embeddedScreenshots": true,
        "inlineAssets": true,
        "saveAllAttempts": false,
        "overwrite": false,
        "html": false,
        "json": true,
        "reportDir": "cypress\\reports\\html\\.jsons"
      },
      "version": "6.2.0"
    }
  }
}